Synthetic data
[[ 1.09135723 -0.55892185]
 [-0.9425491  -1.12970685]
 [ 1.0654138  -0.24751864]
 [ 0.54117719  1.14927333]
 [ 0.91515201  1.04416088]
 [-0.94611747 -0.27272357]
 [ 1.05845318 -0.04946371]
 [ 0.88265028  0.09612078]
 [ 0.75749448  1.20650897]
 [ 1.054367    0.65020118]
 [-0.48477958 -0.92323325]
 [-0.93222036  0.05921843]
 [-1.19845466  2.5733598 ]
 [ 0.80463752 -0.56407863]
 [ 0.88558004 -0.53086877]
 [ 0.88289999 -1.51574411]
 [-0.91447135  0.01392929]
 [ 0.1243599  -0.09671311]
 [ 0.78492314  0.4933179 ]
 [ 1.09711512 -0.06575026]
 [ 1.23054129  0.24380071]
 [ 1.03449554  0.38240975]
 [-0.89035836 -0.90431663]
 [ 1.30998108  2.52693243]
 [-0.80990157  1.10330188]
 [-1.28907266  0.05572491]
 [ 1.12140739  1.42050425]
 [-1.06521415 -0.2403254 ]
 [ 0.89253975  0.58392819]
 [-1.34106055  0.22388402]
 [-0.37432319  0.25602973]
 [-0.78056001  0.47146836]
 [ 0.84887127  0.64548418]
 [-0.91199809  0.72576662]
 [-1.44208466  1.1593298 ]
 [ 1.12480193 -2.04173487]
 [ 1.0505379  -0.03955515]
 [-0.84969495 -2.08192941]
 [ 1.08161545 -1.58390282]
 [ 1.23107861 -0.62696706]
 [ 1.01048861  0.70835645]
 [-1.25959098 -0.34268759]
 [ 0.67414784 -0.65262398]
 [ 1.00144856 -1.57022472]
 [-1.32286669  1.20121392]
 [-1.59100644  1.66547444]
 [-1.13860542 -0.6115178 ]
 [ 1.19164958 -0.81693567]
 [-0.7600945  -2.65096981]
 [-0.98029294 -0.76325916]
 [ 0.90094923 -0.08973569]
 [ 1.30479721 -0.5176113 ]
 [ 1.00955769 -1.0265153 ]
 [-0.61853067 -1.50314295]
 [-1.09023883 -0.42098448]
 [ 1.010952   -1.00162001]
 [-1.06846061 -0.92216532]
 [-1.07723599  0.72167206]
 [-1.5599636   0.27996863]
 [-0.79163004 -0.37482081]
 [-1.09562311 -0.5100164 ]
 [ 0.97851382 -0.07016571]
 [-1.24491261  0.39445214]
 [ 0.82812358 -0.52286003]
 [ 0.88113182 -0.48943944]
 [ 0.79867059  0.87736229]
 [-0.9455862   1.01437007]
 [ 1.01660847 -0.47874862]
 [ 1.07049495 -0.73093004]
 [-0.66860279  0.39913611]
 [ 1.2484801  -0.70012081]
 [ 1.00988095  0.177701  ]
 [ 0.72366907  0.45918008]
 [ 1.08640195 -0.30917212]
 [ 1.09372897  0.61058575]
 [-0.94905217  1.49604431]
 [ 1.23882605  0.20838281]
 [ 1.08328019 -1.66096093]
 [-0.76014051  0.77086519]
 [ 0.97984524  2.16325472]
 [-0.99850772  0.75698862]
 [-1.10001591  0.4134349 ]
 [-0.68220667  0.34758171]
 [-1.09200644  0.11422765]
 [ 1.43583593  0.78580016]
 [-1.14164582  0.30780177]
 [-0.82149177 -0.41187697]
 [-0.7328541   0.83033582]
 [ 1.04837782  0.59065483]
 [-0.53913124  0.04852163]
 [ 0.78551469 -0.44618343]
 [ 1.30040524 -0.94939889]
 [-1.2395034   0.10643023]
 [ 1.12992943  1.0536418 ]
 [-1.51451591 -0.15567724]
 [ 1.00297323  0.8896308 ]
 [-1.06832924 -0.86399077]
 [ 0.99730813 -0.83235557]
 [-0.83634374 -1.4084613 ]
 [-0.8875511  -1.25111358]
 [ 1.08834829 -1.34445051]
 [ 1.01373042  2.29889812]
 [-0.79972561  0.17086544]
 [ 0.99826639 -1.00414077]
 [ 1.14615228  2.63238206]
 [ 0.89137688  0.22378795]
 [-1.00393896 -0.65183611]
 [-1.14643001 -0.84984437]
 [-0.89558531 -0.70434369]
 [ 0.79501409 -0.63773998]
 [-0.92483791  0.65436566]
 [-1.14693156  1.52955032]
 [-1.26499274 -1.66940528]
 [ 1.16393825 -0.42018682]
 [-0.92415724 -2.69688664]
 [ 1.04588789 -0.51728845]
 [-0.80839502 -0.54685894]
 [-0.97322104  0.33849641]
 [-0.90829179  0.75138712]
 [-1.35028788  0.18676676]
 [ 0.9647473  -2.42387933]
 [-0.88208403 -1.2446547 ]
 [-1.06410783  0.63278187]
 [-0.55552737 -0.48712538]
 [-0.69911879 -0.48760622]
 [ 0.93358509  0.14671369]
 [ 1.30194497  0.83392215]
 [-1.4706461  -0.18398334]
 [-1.01013009  0.48100923]
 [ 1.02128923 -0.35929209]
 [ 0.97735964 -0.57074629]
 [ 1.10073379  0.24938368]
 [-0.90044009 -0.77781669]
 [ 0.96918579  1.44697788]
 [ 0.91833547  0.50727403]
 [-1.23808157 -0.37144087]
 [ 1.11206509 -0.28178461]
 [ 0.93770879  0.70775194]
 [ 0.71133321 -2.19880596]
 [ 0.91848912 -0.68105166]
 [-0.9709183  -1.69246463]
 [-0.86171921 -0.14436041]
 [-0.81500057  0.98269098]
 [-0.85021086 -0.47765745]
 [ 0.89293355  1.5033983 ]
 [-0.57580863  1.27155509]
 [ 0.84079948  1.57745328]
 [ 1.16465352  0.62180996]
 [ 0.99537184 -0.09917586]
 [ 0.98157739  1.40934744]
 [ 1.1808636   0.27902153]
 [ 0.98409922 -0.6763923 ]
 [-1.02125399  0.44426331]
 [ 0.91185277  0.20768769]
 [-0.94945983  0.32613302]
 [ 1.12348275 -0.0164229 ]
 [ 0.88360927 -1.12272202]
 [ 0.89404678  0.18660912]
 [ 0.92020106  0.67481949]
 [ 1.04350028  0.02975614]
 [ 1.21266857 -1.02123282]
 [ 1.00665041  0.04643655]
 [ 1.06963441  1.16929559]
 [-0.92689755 -0.26888869]
 [ 1.0328482   2.45530014]
 [ 1.03172177  0.65854427]
 [ 0.88776361  0.45675322]
 [-0.88181237 -1.35168461]
 [-1.13030846 -1.08106333]
 [ 1.04568295  0.20292302]
 [ 0.92162728  0.64272276]
 [ 0.89057536 -0.79829724]
 [-0.45550266  0.19808476]
 [-1.08726066  1.14375404]
 [-1.13700881  0.27045683]
 [-0.7500733   0.61593561]
 [ 1.07135112  1.11729583]
 [-1.2199662  -2.07339023]
 [-1.4314837   0.57707213]
 [-1.17528708  0.63859246]
 [-1.45253706 -0.1580079 ]
 [-0.69246422  0.60600995]
 [ 0.782836   -0.09529553]
 [-1.13772599  0.01843393]
 [ 0.96106461  0.84064355]
 [-0.92381507  0.37730049]
 [-1.2683197   0.82317058]
 [ 0.81311226  1.38215899]
 [ 0.85808534  0.47141556]
 [-0.71731599  0.33366211]
 [-0.91358189 -0.44429326]
 [-1.21007536 -0.20304539]
 [ 0.96978514 -0.55547712]
 [-0.90405909 -0.85608383]
 [ 1.08693936 -0.04015795]
 [ 1.21957581 -0.44643361]
 [ 1.11515767 -1.48556037]
 [-0.72158939 -0.0376347 ]
 [-1.35628428 -0.38455554]
 [ 1.0138267  -0.17694723]
 [ 1.10578435 -0.43449623]
 [-1.54493237  0.74326409]
 [ 1.08912812 -0.51604473]
 [ 0.98189242 -0.96697614]
 [-1.35920865  1.66902153]
 [ 1.13803464  1.55050049]
 [ 1.06282557 -0.57563783]
 [-1.31252336 -1.22212781]
 [ 0.97053892  0.27157884]
 [-0.91925208 -1.11057585]
 [-0.8617894  -1.65485667]
 [-1.34766344 -0.57366201]
 [-1.25014813  0.48937456]
 [-1.23128488 -0.62481858]
 [-0.97459666 -1.47858625]
 [ 0.91625916 -0.8946073 ]
 [-1.38535477  0.69620636]
 [ 1.20949587 -0.68198425]
 [ 1.03467664  0.16645221]
 [ 0.89982471  0.70030988]
 [-1.19754918  0.33760266]
 [-0.28114101  0.12922118]
 [ 0.82477904  1.08078073]
 [ 1.01073064 -0.03468489]
 [-0.89889447 -1.10652591]
 [ 0.98738447 -1.07008477]
 [-1.40910848 -0.51121568]
 [-1.29557905  0.09933231]
 [-0.69149528 -0.60398519]
 [-0.76287695 -2.03812454]
 [ 1.08816852  0.74625357]
 [-0.9761063  -1.71016839]
 [ 1.21560828  1.79768653]
 [-1.41305399  0.86960592]
 [ 0.93021246 -1.27674858]
 [ 0.85499116 -0.70317643]
 [ 1.21696932  1.79587767]
 [-1.42710413 -0.97876372]
 [-0.74734278 -0.72574381]
 [-0.9390464   1.00629281]
 [-1.11443068 -0.26987494]
 [ 0.85006133  0.3520554 ]
 [-0.36074952 -0.12578692]
 [-0.78448999  0.52980418]
 [ 0.7510388   1.88115707]
 [-0.84166227 -0.05023811]
 [ 0.9151545   1.27845186]
 [-1.135916   -0.90756366]
 [-1.34909434 -0.40807537]
 [ 1.03977626  0.42961822]
 [ 1.09769444  0.28586539]
 [-0.77030157 -0.54342477]
 [-1.22553705 -0.36361221]
 [ 0.86106096 -0.72713718]
 [-0.90542112  1.16778206]
 [ 0.86878687  2.56008454]
 [ 0.97918306 -0.99835404]
 [ 0.86473694 -0.04771136]
 [-0.95513771 -0.18490214]
 [-1.27368969  1.75479418]
 [-1.190664   -1.4066611 ]
 [-0.97166942  0.47897983]
 [ 1.05686495 -0.38770156]
 [ 0.92070267 -0.46227529]
 [ 1.16695754 -0.16711808]
 [ 1.08424841 -0.36283856]
 [-1.22858032 -1.2899609 ]
 [-0.20616084 -1.12905177]
 [ 1.00346958 -1.37931923]
 [ 0.93332141  0.28916864]
 [ 1.02817822 -0.07443343]
 [ 1.04401102 -0.63738713]
 [-0.77603608 -0.83095012]
 [-1.36354953 -0.30954644]
 [ 0.75887496 -1.2803044 ]
 [ 0.9730563   0.57258278]
 [ 0.85317095 -0.57117899]
 [-0.4464504   1.09150685]
 [ 1.13520671  1.4437646 ]
 [ 1.18479915  0.26705027]
 [-1.08512629 -1.66152006]
 [ 0.92490406  0.12810441]
 [ 0.87605045  1.39935544]
 [-0.54767569  0.07331797]
 [-0.82873486 -0.98960482]
 [-0.60420239 -1.00808631]
 [ 1.01850719 -0.56246678]
 [-0.75995303 -0.86041337]
 [ 1.00074228  0.19109907]
 [ 0.97137829 -0.43973106]
 [-1.02172589 -0.05558467]
 [ 0.8007642  -0.53099696]
 [ 0.82151354 -0.97587325]
 [ 0.98460428 -0.61278869]
 [ 1.15553913  0.19655478]
 [ 0.98378613  0.36867331]
 [ 0.80425556  0.92463368]
 [-0.8945323   0.32692737]
 [-1.09398866 -1.29507877]
 [-0.98124087 -0.53975968]
 [-1.36098487 -0.23093453]
 [ 0.88417545 -0.44550252]
 [ 1.01606913  0.38019785]
 [-0.86189294  0.71095997]
 [ 1.02595327  1.18839327]
 [-1.46911904 -0.24574306]
 [ 1.13579113  1.79455786]
 [-1.06911184 -0.05694562]
 [ 0.94320459  0.33445679]
 [-1.01045527  0.82940558]
 [ 0.87298771 -0.76779757]
 [-0.56869956  0.18186626]
 [ 1.07744525 -0.18687164]
 [-1.00773766 -1.12548905]
 [-0.71885363 -0.25497722]
 [-0.44954591 -1.77872025]
 [ 0.84689973  0.02688584]
 [ 1.15848323  0.42545756]
 [-1.04706873 -0.7737892 ]
 [-1.19313211 -1.84087423]
 [-0.77183713 -0.05429487]
 [-0.81740869 -0.52452027]
 [ 0.89829947 -0.62314053]
 [ 0.81534372 -1.52552517]
 [-0.89578224  2.27069286]
 [-0.45944135 -1.2110162 ]
 [-0.92938707 -0.57677133]
 [-1.13983957  0.8711247 ]
 [ 0.96186368  0.44001445]
 [-0.7585994   1.75227044]
 [ 1.13453878  0.82048218]
 [ 0.92725874 -0.24123606]
 [ 1.19349009 -1.88954073]
 [-1.5033905   0.50091719]
 [-0.85919791  0.71299843]
 [ 1.14982698 -0.55519953]
 [-1.07161271  1.24608519]
 [ 1.23285605 -0.45230632]
 [ 1.16693731  1.07363175]
 [ 1.10157285 -0.50205422]
 [ 1.02880162 -1.15836469]
 [-0.93682992 -1.7025836 ]
 [-1.02101504 -1.87079192]
 [ 0.98484915  0.56976728]
 [ 0.95450571 -0.21398884]
 [ 0.96475748  1.19504663]
 [-1.28444572 -0.03275327]
 [ 0.83250194 -1.4480139 ]
 [-1.13524126 -0.23894805]
 [-0.96762896  0.04808495]]
[0.25443627 0.01220291] 0.2571428571428571
perceptron train acc: 0.485714, test acc: 0.526667
[[ 1.09135723 -0.55892185]
 [-0.9425491  -1.12970685]
 [ 1.0654138  -0.24751864]
 [ 0.54117719  1.14927333]
 [ 0.91515201  1.04416088]
 [-0.94611747 -0.27272357]
 [ 1.05845318 -0.04946371]
 [ 0.88265028  0.09612078]
 [ 0.75749448  1.20650897]
 [ 1.054367    0.65020118]
 [-0.48477958 -0.92323325]
 [-0.93222036  0.05921843]
 [-1.19845466  2.5733598 ]
 [ 0.80463752 -0.56407863]
 [ 0.88558004 -0.53086877]
 [ 0.88289999 -1.51574411]
 [-0.91447135  0.01392929]
 [ 0.1243599  -0.09671311]
 [ 0.78492314  0.4933179 ]
 [ 1.09711512 -0.06575026]
 [ 1.23054129  0.24380071]
 [ 1.03449554  0.38240975]
 [-0.89035836 -0.90431663]
 [ 1.30998108  2.52693243]
 [-0.80990157  1.10330188]
 [-1.28907266  0.05572491]
 [ 1.12140739  1.42050425]
 [-1.06521415 -0.2403254 ]
 [ 0.89253975  0.58392819]
 [-1.34106055  0.22388402]
 [-0.37432319  0.25602973]
 [-0.78056001  0.47146836]
 [ 0.84887127  0.64548418]
 [-0.91199809  0.72576662]
 [-1.44208466  1.1593298 ]
 [ 1.12480193 -2.04173487]
 [ 1.0505379  -0.03955515]
 [-0.84969495 -2.08192941]
 [ 1.08161545 -1.58390282]
 [ 1.23107861 -0.62696706]
 [ 1.01048861  0.70835645]
 [-1.25959098 -0.34268759]
 [ 0.67414784 -0.65262398]
 [ 1.00144856 -1.57022472]
 [-1.32286669  1.20121392]
 [-1.59100644  1.66547444]
 [-1.13860542 -0.6115178 ]
 [ 1.19164958 -0.81693567]
 [-0.7600945  -2.65096981]
 [-0.98029294 -0.76325916]
 [ 0.90094923 -0.08973569]
 [ 1.30479721 -0.5176113 ]
 [ 1.00955769 -1.0265153 ]
 [-0.61853067 -1.50314295]
 [-1.09023883 -0.42098448]
 [ 1.010952   -1.00162001]
 [-1.06846061 -0.92216532]
 [-1.07723599  0.72167206]
 [-1.5599636   0.27996863]
 [-0.79163004 -0.37482081]
 [-1.09562311 -0.5100164 ]
 [ 0.97851382 -0.07016571]
 [-1.24491261  0.39445214]
 [ 0.82812358 -0.52286003]
 [ 0.88113182 -0.48943944]
 [ 0.79867059  0.87736229]
 [-0.9455862   1.01437007]
 [ 1.01660847 -0.47874862]
 [ 1.07049495 -0.73093004]
 [-0.66860279  0.39913611]
 [ 1.2484801  -0.70012081]
 [ 1.00988095  0.177701  ]
 [ 0.72366907  0.45918008]
 [ 1.08640195 -0.30917212]
 [ 1.09372897  0.61058575]
 [-0.94905217  1.49604431]
 [ 1.23882605  0.20838281]
 [ 1.08328019 -1.66096093]
 [-0.76014051  0.77086519]
 [ 0.97984524  2.16325472]
 [-0.99850772  0.75698862]
 [-1.10001591  0.4134349 ]
 [-0.68220667  0.34758171]
 [-1.09200644  0.11422765]
 [ 1.43583593  0.78580016]
 [-1.14164582  0.30780177]
 [-0.82149177 -0.41187697]
 [-0.7328541   0.83033582]
 [ 1.04837782  0.59065483]
 [-0.53913124  0.04852163]
 [ 0.78551469 -0.44618343]
 [ 1.30040524 -0.94939889]
 [-1.2395034   0.10643023]
 [ 1.12992943  1.0536418 ]
 [-1.51451591 -0.15567724]
 [ 1.00297323  0.8896308 ]
 [-1.06832924 -0.86399077]
 [ 0.99730813 -0.83235557]
 [-0.83634374 -1.4084613 ]
 [-0.8875511  -1.25111358]
 [ 1.08834829 -1.34445051]
 [ 1.01373042  2.29889812]
 [-0.79972561  0.17086544]
 [ 0.99826639 -1.00414077]
 [ 1.14615228  2.63238206]
 [ 0.89137688  0.22378795]
 [-1.00393896 -0.65183611]
 [-1.14643001 -0.84984437]
 [-0.89558531 -0.70434369]
 [ 0.79501409 -0.63773998]
 [-0.92483791  0.65436566]
 [-1.14693156  1.52955032]
 [-1.26499274 -1.66940528]
 [ 1.16393825 -0.42018682]
 [-0.92415724 -2.69688664]
 [ 1.04588789 -0.51728845]
 [-0.80839502 -0.54685894]
 [-0.97322104  0.33849641]
 [-0.90829179  0.75138712]
 [-1.35028788  0.18676676]
 [ 0.9647473  -2.42387933]
 [-0.88208403 -1.2446547 ]
 [-1.06410783  0.63278187]
 [-0.55552737 -0.48712538]
 [-0.69911879 -0.48760622]
 [ 0.93358509  0.14671369]
 [ 1.30194497  0.83392215]
 [-1.4706461  -0.18398334]
 [-1.01013009  0.48100923]
 [ 1.02128923 -0.35929209]
 [ 0.97735964 -0.57074629]
 [ 1.10073379  0.24938368]
 [-0.90044009 -0.77781669]
 [ 0.96918579  1.44697788]
 [ 0.91833547  0.50727403]
 [-1.23808157 -0.37144087]
 [ 1.11206509 -0.28178461]
 [ 0.93770879  0.70775194]
 [ 0.71133321 -2.19880596]
 [ 0.91848912 -0.68105166]
 [-0.9709183  -1.69246463]
 [-0.86171921 -0.14436041]
 [-0.81500057  0.98269098]
 [-0.85021086 -0.47765745]
 [ 0.89293355  1.5033983 ]
 [-0.57580863  1.27155509]
 [ 0.84079948  1.57745328]
 [ 1.16465352  0.62180996]
 [ 0.99537184 -0.09917586]
 [ 0.98157739  1.40934744]
 [ 1.1808636   0.27902153]
 [ 0.98409922 -0.6763923 ]
 [-1.02125399  0.44426331]
 [ 0.91185277  0.20768769]
 [-0.94945983  0.32613302]
 [ 1.12348275 -0.0164229 ]
 [ 0.88360927 -1.12272202]
 [ 0.89404678  0.18660912]
 [ 0.92020106  0.67481949]
 [ 1.04350028  0.02975614]
 [ 1.21266857 -1.02123282]
 [ 1.00665041  0.04643655]
 [ 1.06963441  1.16929559]
 [-0.92689755 -0.26888869]
 [ 1.0328482   2.45530014]
 [ 1.03172177  0.65854427]
 [ 0.88776361  0.45675322]
 [-0.88181237 -1.35168461]
 [-1.13030846 -1.08106333]
 [ 1.04568295  0.20292302]
 [ 0.92162728  0.64272276]
 [ 0.89057536 -0.79829724]
 [-0.45550266  0.19808476]
 [-1.08726066  1.14375404]
 [-1.13700881  0.27045683]
 [-0.7500733   0.61593561]
 [ 1.07135112  1.11729583]
 [-1.2199662  -2.07339023]
 [-1.4314837   0.57707213]
 [-1.17528708  0.63859246]
 [-1.45253706 -0.1580079 ]
 [-0.69246422  0.60600995]
 [ 0.782836   -0.09529553]
 [-1.13772599  0.01843393]
 [ 0.96106461  0.84064355]
 [-0.92381507  0.37730049]
 [-1.2683197   0.82317058]
 [ 0.81311226  1.38215899]
 [ 0.85808534  0.47141556]
 [-0.71731599  0.33366211]
 [-0.91358189 -0.44429326]
 [-1.21007536 -0.20304539]
 [ 0.96978514 -0.55547712]
 [-0.90405909 -0.85608383]
 [ 1.08693936 -0.04015795]
 [ 1.21957581 -0.44643361]
 [ 1.11515767 -1.48556037]
 [-0.72158939 -0.0376347 ]
 [-1.35628428 -0.38455554]
 [ 1.0138267  -0.17694723]
 [ 1.10578435 -0.43449623]
 [-1.54493237  0.74326409]
 [ 1.08912812 -0.51604473]
 [ 0.98189242 -0.96697614]
 [-1.35920865  1.66902153]
 [ 1.13803464  1.55050049]
 [ 1.06282557 -0.57563783]
 [-1.31252336 -1.22212781]
 [ 0.97053892  0.27157884]
 [-0.91925208 -1.11057585]
 [-0.8617894  -1.65485667]
 [-1.34766344 -0.57366201]
 [-1.25014813  0.48937456]
 [-1.23128488 -0.62481858]
 [-0.97459666 -1.47858625]
 [ 0.91625916 -0.8946073 ]
 [-1.38535477  0.69620636]
 [ 1.20949587 -0.68198425]
 [ 1.03467664  0.16645221]
 [ 0.89982471  0.70030988]
 [-1.19754918  0.33760266]
 [-0.28114101  0.12922118]
 [ 0.82477904  1.08078073]
 [ 1.01073064 -0.03468489]
 [-0.89889447 -1.10652591]
 [ 0.98738447 -1.07008477]
 [-1.40910848 -0.51121568]
 [-1.29557905  0.09933231]
 [-0.69149528 -0.60398519]
 [-0.76287695 -2.03812454]
 [ 1.08816852  0.74625357]
 [-0.9761063  -1.71016839]
 [ 1.21560828  1.79768653]
 [-1.41305399  0.86960592]
 [ 0.93021246 -1.27674858]
 [ 0.85499116 -0.70317643]
 [ 1.21696932  1.79587767]
 [-1.42710413 -0.97876372]
 [-0.74734278 -0.72574381]
 [-0.9390464   1.00629281]
 [-1.11443068 -0.26987494]
 [ 0.85006133  0.3520554 ]
 [-0.36074952 -0.12578692]
 [-0.78448999  0.52980418]
 [ 0.7510388   1.88115707]
 [-0.84166227 -0.05023811]
 [ 0.9151545   1.27845186]
 [-1.135916   -0.90756366]
 [-1.34909434 -0.40807537]
 [ 1.03977626  0.42961822]
 [ 1.09769444  0.28586539]
 [-0.77030157 -0.54342477]
 [-1.22553705 -0.36361221]
 [ 0.86106096 -0.72713718]
 [-0.90542112  1.16778206]
 [ 0.86878687  2.56008454]
 [ 0.97918306 -0.99835404]
 [ 0.86473694 -0.04771136]
 [-0.95513771 -0.18490214]
 [-1.27368969  1.75479418]
 [-1.190664   -1.4066611 ]
 [-0.97166942  0.47897983]
 [ 1.05686495 -0.38770156]
 [ 0.92070267 -0.46227529]
 [ 1.16695754 -0.16711808]
 [ 1.08424841 -0.36283856]
 [-1.22858032 -1.2899609 ]
 [-0.20616084 -1.12905177]
 [ 1.00346958 -1.37931923]
 [ 0.93332141  0.28916864]
 [ 1.02817822 -0.07443343]
 [ 1.04401102 -0.63738713]
 [-0.77603608 -0.83095012]
 [-1.36354953 -0.30954644]
 [ 0.75887496 -1.2803044 ]
 [ 0.9730563   0.57258278]
 [ 0.85317095 -0.57117899]
 [-0.4464504   1.09150685]
 [ 1.13520671  1.4437646 ]
 [ 1.18479915  0.26705027]
 [-1.08512629 -1.66152006]
 [ 0.92490406  0.12810441]
 [ 0.87605045  1.39935544]
 [-0.54767569  0.07331797]
 [-0.82873486 -0.98960482]
 [-0.60420239 -1.00808631]
 [ 1.01850719 -0.56246678]
 [-0.75995303 -0.86041337]
 [ 1.00074228  0.19109907]
 [ 0.97137829 -0.43973106]
 [-1.02172589 -0.05558467]
 [ 0.8007642  -0.53099696]
 [ 0.82151354 -0.97587325]
 [ 0.98460428 -0.61278869]
 [ 1.15553913  0.19655478]
 [ 0.98378613  0.36867331]
 [ 0.80425556  0.92463368]
 [-0.8945323   0.32692737]
 [-1.09398866 -1.29507877]
 [-0.98124087 -0.53975968]
 [-1.36098487 -0.23093453]
 [ 0.88417545 -0.44550252]
 [ 1.01606913  0.38019785]
 [-0.86189294  0.71095997]
 [ 1.02595327  1.18839327]
 [-1.46911904 -0.24574306]
 [ 1.13579113  1.79455786]
 [-1.06911184 -0.05694562]
 [ 0.94320459  0.33445679]
 [-1.01045527  0.82940558]
 [ 0.87298771 -0.76779757]
 [-0.56869956  0.18186626]
 [ 1.07744525 -0.18687164]
 [-1.00773766 -1.12548905]
 [-0.71885363 -0.25497722]
 [-0.44954591 -1.77872025]
 [ 0.84689973  0.02688584]
 [ 1.15848323  0.42545756]
 [-1.04706873 -0.7737892 ]
 [-1.19313211 -1.84087423]
 [-0.77183713 -0.05429487]
 [-0.81740869 -0.52452027]
 [ 0.89829947 -0.62314053]
 [ 0.81534372 -1.52552517]
 [-0.89578224  2.27069286]
 [-0.45944135 -1.2110162 ]
 [-0.92938707 -0.57677133]
 [-1.13983957  0.8711247 ]
 [ 0.96186368  0.44001445]
 [-0.7585994   1.75227044]
 [ 1.13453878  0.82048218]
 [ 0.92725874 -0.24123606]
 [ 1.19349009 -1.88954073]
 [-1.5033905   0.50091719]
 [-0.85919791  0.71299843]
 [ 1.14982698 -0.55519953]
 [-1.07161271  1.24608519]
 [ 1.23285605 -0.45230632]
 [ 1.16693731  1.07363175]
 [ 1.10157285 -0.50205422]
 [ 1.02880162 -1.15836469]
 [-0.93682992 -1.7025836 ]
 [-1.02101504 -1.87079192]
 [ 0.98484915  0.56976728]
 [ 0.95450571 -0.21398884]
 [ 0.96475748  1.19504663]
 [-1.28444572 -0.03275327]
 [ 0.83250194 -1.4480139 ]
 [-1.13524126 -0.23894805]
 [-0.96762896  0.04808495]]
[0. 0.] 0
logistic train acc: 0.485714, test acc: 0.526667

Two Moon data
[[ 1.28895069 -0.52407983]
 [-0.90531625  0.15544401]
 [ 0.88209598  0.92005916]
 [ 1.98071107  0.34837806]
 [ 0.54265237  0.55021322]
 [ 1.81284563 -0.61631899]
 [-0.14089918  1.03314844]
 [ 0.73465258 -0.45111979]
 [ 2.34891744  0.51366081]
 [ 1.84662963  0.26194188]
 [-0.40226811  0.99592251]
 [ 1.16358607 -0.48566514]
 [-0.19969177  0.35507668]
 [ 0.34031402 -0.37512084]
 [-0.89372245  0.29883409]
 [ 1.64725174 -0.04354308]
 [ 1.69068186  0.30622198]
 [ 0.10659373  1.21210782]
 [ 1.06136666  0.72937225]
 [ 0.35326085 -0.40785615]
 [ 0.84683651  0.82025732]
 [-1.38975226  0.68338655]
 [ 1.80514983  0.12828453]
 [ 0.15321834  0.89777231]
 [ 2.26021945  0.12311908]
 [-0.83046441  0.667742  ]
 [ 0.03719828  0.47859016]
 [-0.90223258  0.53073267]
 [ 0.4786919   0.34127563]
 [ 1.8049858  -0.1747669 ]
 [ 1.3336337  -0.34689754]
 [-1.13441398 -0.11840545]
 [ 2.31239827  0.03250458]
 [ 0.88828033 -0.85874982]
 [ 2.48480165 -0.00969383]
 [-1.01875636  0.06676677]
 [ 1.15628145  0.26071784]
 [ 0.58991118  0.58625418]
 [-0.16573161  0.68432694]
 [ 1.75500238  0.0037686 ]
 [-0.50964843  0.59189681]
 [-0.03252479  0.84909481]
 [-0.56101308  0.70518039]
 [-0.7279124  -0.03404598]
 [ 0.29836546  0.95608194]
 [ 0.38299561 -0.24622528]
 [-0.0223349   0.33140555]
 [ 0.80400844 -0.20365486]
 [ 0.97378882  0.27951803]
 [ 0.15886119 -0.54719468]
 [ 0.15624262  0.09796987]
 [-0.28470572  0.7477487 ]
 [ 0.82009991  0.9202964 ]
 [ 2.13226147  0.29818552]
 [ 0.93125748  0.56865798]
 [ 0.78985208 -0.67763784]
 [ 0.02799576  0.15573022]
 [ 0.40042171 -0.20953326]
 [ 0.31935995  0.13374003]
 [-0.83931782  0.43057752]
 [ 1.97531552  0.21692992]
 [ 0.91483828  0.24724605]
 [ 0.78513927 -0.48883259]
 [ 1.89114927  0.25403411]
 [ 1.55671161 -0.42214861]
 [ 1.51480032  0.02126692]
 [-0.95811411  0.78311581]
 [ 0.80204416 -0.51060298]
 [-0.02946119  0.15611632]
 [ 0.94155258 -0.72334634]
 [ 1.1091492   0.17581366]
 [ 0.44741514  0.19021899]
 [ 1.10533435 -0.39094983]
 [-0.16669127  0.96957977]
 [ 0.17070532  0.31403477]
 [ 0.534771    0.54090507]
 [ 1.21166146 -0.76414219]
 [ 0.38633342 -0.45353534]
 [-0.20244486  0.14113113]
 [ 0.31177723  1.1506104 ]
 [ 1.61006306 -0.31142144]
 [-0.34409208  0.5462916 ]
 [ 0.13916531  0.35248868]
 [ 1.12079473 -0.27225413]
 [ 0.14074725  1.26838546]
 [ 1.84386008  0.61542146]
 [-0.71092496  0.25457563]
 [ 1.00320436 -0.22748042]
 [ 1.15058031  0.1906357 ]
 [-0.50160967  0.79903135]
 [-0.99645994  0.41975336]
 [ 1.95066206 -0.30948521]
 [ 0.53056986 -0.69608722]
 [ 1.01561986  0.0273026 ]
 [ 0.42956724  0.91421744]
 [ 0.28435406 -0.07946576]
 [ 0.40730397  1.0382133 ]
 [-0.93880614  0.57520995]
 [-0.02288253  1.20559727]
 [ 0.98575071  0.45639171]
 [-0.36720845  0.98032467]
 [ 0.22822058 -0.14788897]
 [ 0.1930913   0.43379172]
 [-0.31807281  1.16633964]
 [ 1.89111995 -0.3145062 ]
 [ 0.28734873  0.06558364]
 [ 1.0484935   0.41489219]
 [ 1.54233971  0.15319783]
 [-0.80574383  0.30519935]
 [ 0.46124126 -0.44161536]
 [ 1.60753491 -0.17971862]
 [ 0.16278398  0.81124139]
 [-0.6310479   0.69009448]
 [ 0.56388902  0.47182072]
 [ 0.50070955  0.72434482]
 [-0.76692632  0.78785815]
 [ 0.10228946  0.0567977 ]
 [ 1.05311392  0.59086503]
 [ 0.52099658 -0.77784747]
 [ 0.63392175 -0.53429168]
 [-0.19765476 -0.03008785]
 [-1.08833222 -0.37437368]
 [ 0.45703845  1.08174738]
 [-0.80981404  0.79909385]
 [ 2.1121887   0.24843481]
 [ 1.38163405 -0.38548422]
 [ 0.15734852 -0.24174859]
 [ 1.94554085 -0.14334972]
 [ 0.0714355   0.96400601]
 [-0.66583724  0.67124717]
 [ 0.40811906  0.29490094]
 [-0.73918071  0.76955663]
 [ 0.92607533  0.81402032]
 [-1.32079835  0.00801829]
 [ 0.55626478 -0.37855009]
 [ 1.31672113  0.47417484]
 [-0.24143214 -0.05447455]
 [ 0.3735578  -0.18220644]
 [ 2.02608428 -0.06934647]
 [-0.1680891   0.10026328]
 [ 0.00685919  1.01588914]
 [ 0.21185867  0.99765076]
 [ 1.46675488 -0.53729902]
 [ 0.81781588  0.83314884]
 [ 0.68194811 -0.3645641 ]
 [ 0.75555806 -0.45667126]
 [-1.00369749  0.43798123]
 [ 0.72796693 -0.64515402]
 [ 0.32751668 -0.47508402]
 [-0.12238399  1.05858382]
 [ 2.00692133  0.1916185 ]
 [ 0.83827553  0.39978235]
 [-1.13187304  0.50518674]
 [ 1.80524981  0.11173325]
 [-0.6242431   0.49579592]
 [ 0.85398297  0.59124147]
 [-0.48926389  0.60386493]
 [ 2.04066998 -0.19622622]
 [ 0.15556188 -0.03812828]
 [-1.2459075   0.39911683]
 [-0.16274927  0.13799017]
 [ 0.01909506  0.88182488]
 [ 1.72211448 -0.03386097]
 [ 0.40982617 -0.84710965]
 [-0.79105788  0.71628668]
 [ 1.5381954  -0.45074461]
 [ 0.4726733   0.38474468]
 [-1.04326392  0.085932  ]
 [ 0.98464975  0.51016342]
 [ 0.39889268  0.16419168]
 [ 0.14816337  0.40449915]
 [ 0.61771757 -0.42707649]
 [ 0.7997286   0.10603527]
 [-0.50655216  0.92249387]
 [ 0.85680532  0.60221822]
 [-0.87798578  0.36555551]
 [ 0.46835829  1.06728208]
 [ 1.72268811 -0.2190667 ]
 [ 1.00366999 -0.61890792]
 [ 0.31296389 -0.33491868]
 [ 0.86425881  0.21883271]
 [ 1.69803483 -0.61829867]
 [ 0.39891155 -0.6373825 ]
 [ 0.25212963  1.36131041]
 [ 1.34444226  0.26332387]
 [ 2.36773328  0.64713103]
 [-1.08448692  0.28779574]
 [ 2.07488989  0.42743852]
 [ 0.18326359  0.2951586 ]
 [ 0.73507422 -0.71472762]
 [-1.04283525  0.86800754]
 [ 1.21750172 -0.98852607]
 [ 1.06902298 -0.57160543]
 [ 1.04646328  0.61281382]
 [-0.06998402  0.78258458]
 [-0.08086902  0.85175124]
 [ 1.40388981 -0.46699326]
 [ 1.67966384 -0.25839347]
 [-0.47913511  0.651811  ]
 [ 1.47807073 -0.1539627 ]
 [ 0.23027938 -0.40275239]
 [-0.52939174  0.27486357]
 [ 0.40559217  1.32852876]
 [-0.1930305   0.75366784]
 [ 2.20572062  0.66824087]
 [-0.80057696 -0.04706375]
 [-1.09311696  0.26617975]
 [ 1.6277697  -0.26441033]
 [ 0.03098708 -0.20439552]
 [ 0.23623578  0.95355011]
 [ 2.04052875 -0.3584586 ]
 [ 1.21893359 -0.64006496]
 [ 0.90674109 -0.84287574]
 [-0.25368264  0.19493461]
 [ 1.15841901  0.36500852]
 [ 2.09823231 -0.09660923]
 [ 0.36903088  0.86391314]
 [-1.04575509 -0.03077496]
 [ 1.74542567 -0.21525153]
 [ 0.07634542  0.72586462]
 [-0.80884507  0.4363772 ]
 [ 1.87556476 -0.19210798]
 [ 0.16552699  1.05225804]
 [-0.05239289  0.03479434]
 [ 1.07631892 -0.91686445]
 [ 1.44852219 -0.17818544]
 [ 0.43622433  0.35545937]
 [ 0.93439135  0.24054707]
 [ 0.29602029 -0.3061206 ]
 [ 0.66620102  0.75766607]
 [-0.02116962  0.67222212]
 [ 0.40107128 -0.32654786]
 [ 0.5201985   0.58288335]
 [ 0.321571    0.7553616 ]
 [ 0.70269413 -0.64887606]
 [ 0.24013589  0.97563174]
 [ 1.66711901 -0.08689438]
 [ 1.34611143 -0.50704218]
 [ 1.04932185  0.19898854]
 [ 1.38487395 -0.68370342]
 [ 0.21435341  1.20625434]
 [ 1.66360451  0.02911141]
 [-0.17869394  0.4594824 ]
 [ 1.33285644 -0.25694533]
 [ 0.02877584  1.27769833]
 [ 0.8291465   0.6433658 ]
 [ 0.81407796 -0.57971209]
 [ 0.26033002 -0.14052111]
 [ 0.61505225 -0.27126396]
 [ 0.48215401  0.09015326]
 [ 0.51754822 -0.62161602]
 [-0.58599887  0.95837982]
 [-0.40201604  0.75177804]
 [ 0.27194304 -0.02174996]
 [-1.1693577   0.5779173 ]
 [ 1.75966429 -0.1820828 ]
 [-0.45625637  0.53661167]
 [-0.03045789  0.21222576]
 [-0.35896051  0.94360278]
 [ 0.76994093  0.80010194]
 [ 0.58895094 -0.43267292]
 [-0.83618992  0.34738997]
 [-0.78211105  0.4228778 ]
 [ 0.20301931 -0.50267876]
 [ 2.1652415   0.41667291]
 [-0.06418028  0.99219856]
 [ 1.94598893  0.21023577]
 [ 1.09719607  1.12553553]
 [ 1.33868766 -0.35791822]
 [ 1.10158294  0.42857219]
 [ 0.99170955  0.87899966]
 [ 1.10466422 -0.58912542]
 [ 0.69213213 -0.39450028]
 [ 0.79233728  0.26496996]
 [ 1.40088212 -0.51555403]
 [-1.05929646  0.87787812]
 [-0.59953273  0.38970077]
 [ 0.9479981   0.26192746]
 [ 0.17815958  0.94499811]
 [ 0.48508242  0.47453532]
 [ 0.22754237  0.30547167]
 [ 2.3237176   0.21141629]
 [ 0.34106426  0.68654372]
 [ 1.22749039 -0.94662031]
 [-0.11553171  1.05367417]
 [ 1.10185945  0.3086604 ]
 [ 0.02560875  1.11069023]
 [-0.79442551  0.79405102]
 [ 0.24138782  0.70733446]
 [ 0.12620033  0.24518252]
 [ 0.34090537 -0.29563224]
 [ 0.9019778  -0.10667354]
 [ 0.5025857  -0.68205835]
 [ 0.87625142  0.23712182]
 [-0.8986202   0.74464757]
 [ 0.59469157 -0.14516009]
 [-0.54354917  1.5042788 ]
 [ 0.28074454  0.53595374]
 [ 0.06920293  1.08910183]
 [ 0.2877105  -0.40606511]
 [ 1.17432656 -0.05747525]
 [-0.85498628  0.53797194]
 [ 0.65349895  0.7053882 ]
 [ 0.10213005  1.0170735 ]
 [ 1.29345845 -0.23643131]
 [ 0.27570935  1.30475666]
 [ 1.93219116  0.60143227]
 [-0.53478698  1.01461768]
 [ 0.1935762  -0.01166283]
 [ 0.48043753  0.79740961]
 [-0.24228317  1.11357089]
 [-1.04055471  0.4395102 ]
 [ 1.38108492 -0.65625705]
 [-0.99425245  0.66737255]
 [ 0.43922004 -0.48052368]
 [ 2.05464032  0.16611863]
 [ 2.20364555  0.4450323 ]
 [ 1.3902949  -0.45220075]
 [-0.7634536   0.95723699]
 [-0.27588687  1.26980872]
 [ 1.34836248 -0.49951621]
 [-0.31970507  0.83825289]
 [ 0.9176124  -0.48344891]
 [ 0.59338326  1.3413555 ]
 [ 0.4486245  -0.24638016]
 [ 1.29545818 -0.67366054]
 [ 0.94728275 -0.56994999]
 [ 0.79513359 -0.54589678]
 [-0.17919275  0.84961417]
 [ 1.72086171 -0.19676634]
 [ 0.88323412 -0.07436418]
 [ 0.0185512   1.085997  ]
 [-0.5774013   0.59720224]
 [ 1.09419026  0.00569921]
 [-0.89701253  0.20304423]
 [ 1.64266064  0.03212535]
 [ 2.03516712  0.8263146 ]
 [-0.18438765  0.85948106]
 [ 0.51626362  0.46675872]
 [ 0.79931904  0.29455998]
 [-0.67495778  0.37408479]
 [ 0.07559428  1.37596545]
 [ 1.92000739  0.27714763]
 [-0.67100637  0.42296602]
 [ 0.82051484 -0.48700152]
 [ 0.35718137 -0.15739412]
 [-0.60136728  0.62230457]
 [-1.08905236  1.02911083]
 [ 0.55593042 -0.37572464]
 [ 0.69827155  0.33825194]]
[ 0.24806142 -0.04061546] 0.25
perceptron train acc: 0.500000, test acc: 0.500000
[[ 1.28895069 -0.52407983]
 [-0.90531625  0.15544401]
 [ 0.88209598  0.92005916]
 [ 1.98071107  0.34837806]
 [ 0.54265237  0.55021322]
 [ 1.81284563 -0.61631899]
 [-0.14089918  1.03314844]
 [ 0.73465258 -0.45111979]
 [ 2.34891744  0.51366081]
 [ 1.84662963  0.26194188]
 [-0.40226811  0.99592251]
 [ 1.16358607 -0.48566514]
 [-0.19969177  0.35507668]
 [ 0.34031402 -0.37512084]
 [-0.89372245  0.29883409]
 [ 1.64725174 -0.04354308]
 [ 1.69068186  0.30622198]
 [ 0.10659373  1.21210782]
 [ 1.06136666  0.72937225]
 [ 0.35326085 -0.40785615]
 [ 0.84683651  0.82025732]
 [-1.38975226  0.68338655]
 [ 1.80514983  0.12828453]
 [ 0.15321834  0.89777231]
 [ 2.26021945  0.12311908]
 [-0.83046441  0.667742  ]
 [ 0.03719828  0.47859016]
 [-0.90223258  0.53073267]
 [ 0.4786919   0.34127563]
 [ 1.8049858  -0.1747669 ]
 [ 1.3336337  -0.34689754]
 [-1.13441398 -0.11840545]
 [ 2.31239827  0.03250458]
 [ 0.88828033 -0.85874982]
 [ 2.48480165 -0.00969383]
 [-1.01875636  0.06676677]
 [ 1.15628145  0.26071784]
 [ 0.58991118  0.58625418]
 [-0.16573161  0.68432694]
 [ 1.75500238  0.0037686 ]
 [-0.50964843  0.59189681]
 [-0.03252479  0.84909481]
 [-0.56101308  0.70518039]
 [-0.7279124  -0.03404598]
 [ 0.29836546  0.95608194]
 [ 0.38299561 -0.24622528]
 [-0.0223349   0.33140555]
 [ 0.80400844 -0.20365486]
 [ 0.97378882  0.27951803]
 [ 0.15886119 -0.54719468]
 [ 0.15624262  0.09796987]
 [-0.28470572  0.7477487 ]
 [ 0.82009991  0.9202964 ]
 [ 2.13226147  0.29818552]
 [ 0.93125748  0.56865798]
 [ 0.78985208 -0.67763784]
 [ 0.02799576  0.15573022]
 [ 0.40042171 -0.20953326]
 [ 0.31935995  0.13374003]
 [-0.83931782  0.43057752]
 [ 1.97531552  0.21692992]
 [ 0.91483828  0.24724605]
 [ 0.78513927 -0.48883259]
 [ 1.89114927  0.25403411]
 [ 1.55671161 -0.42214861]
 [ 1.51480032  0.02126692]
 [-0.95811411  0.78311581]
 [ 0.80204416 -0.51060298]
 [-0.02946119  0.15611632]
 [ 0.94155258 -0.72334634]
 [ 1.1091492   0.17581366]
 [ 0.44741514  0.19021899]
 [ 1.10533435 -0.39094983]
 [-0.16669127  0.96957977]
 [ 0.17070532  0.31403477]
 [ 0.534771    0.54090507]
 [ 1.21166146 -0.76414219]
 [ 0.38633342 -0.45353534]
 [-0.20244486  0.14113113]
 [ 0.31177723  1.1506104 ]
 [ 1.61006306 -0.31142144]
 [-0.34409208  0.5462916 ]
 [ 0.13916531  0.35248868]
 [ 1.12079473 -0.27225413]
 [ 0.14074725  1.26838546]
 [ 1.84386008  0.61542146]
 [-0.71092496  0.25457563]
 [ 1.00320436 -0.22748042]
 [ 1.15058031  0.1906357 ]
 [-0.50160967  0.79903135]
 [-0.99645994  0.41975336]
 [ 1.95066206 -0.30948521]
 [ 0.53056986 -0.69608722]
 [ 1.01561986  0.0273026 ]
 [ 0.42956724  0.91421744]
 [ 0.28435406 -0.07946576]
 [ 0.40730397  1.0382133 ]
 [-0.93880614  0.57520995]
 [-0.02288253  1.20559727]
 [ 0.98575071  0.45639171]
 [-0.36720845  0.98032467]
 [ 0.22822058 -0.14788897]
 [ 0.1930913   0.43379172]
 [-0.31807281  1.16633964]
 [ 1.89111995 -0.3145062 ]
 [ 0.28734873  0.06558364]
 [ 1.0484935   0.41489219]
 [ 1.54233971  0.15319783]
 [-0.80574383  0.30519935]
 [ 0.46124126 -0.44161536]
 [ 1.60753491 -0.17971862]
 [ 0.16278398  0.81124139]
 [-0.6310479   0.69009448]
 [ 0.56388902  0.47182072]
 [ 0.50070955  0.72434482]
 [-0.76692632  0.78785815]
 [ 0.10228946  0.0567977 ]
 [ 1.05311392  0.59086503]
 [ 0.52099658 -0.77784747]
 [ 0.63392175 -0.53429168]
 [-0.19765476 -0.03008785]
 [-1.08833222 -0.37437368]
 [ 0.45703845  1.08174738]
 [-0.80981404  0.79909385]
 [ 2.1121887   0.24843481]
 [ 1.38163405 -0.38548422]
 [ 0.15734852 -0.24174859]
 [ 1.94554085 -0.14334972]
 [ 0.0714355   0.96400601]
 [-0.66583724  0.67124717]
 [ 0.40811906  0.29490094]
 [-0.73918071  0.76955663]
 [ 0.92607533  0.81402032]
 [-1.32079835  0.00801829]
 [ 0.55626478 -0.37855009]
 [ 1.31672113  0.47417484]
 [-0.24143214 -0.05447455]
 [ 0.3735578  -0.18220644]
 [ 2.02608428 -0.06934647]
 [-0.1680891   0.10026328]
 [ 0.00685919  1.01588914]
 [ 0.21185867  0.99765076]
 [ 1.46675488 -0.53729902]
 [ 0.81781588  0.83314884]
 [ 0.68194811 -0.3645641 ]
 [ 0.75555806 -0.45667126]
 [-1.00369749  0.43798123]
 [ 0.72796693 -0.64515402]
 [ 0.32751668 -0.47508402]
 [-0.12238399  1.05858382]
 [ 2.00692133  0.1916185 ]
 [ 0.83827553  0.39978235]
 [-1.13187304  0.50518674]
 [ 1.80524981  0.11173325]
 [-0.6242431   0.49579592]
 [ 0.85398297  0.59124147]
 [-0.48926389  0.60386493]
 [ 2.04066998 -0.19622622]
 [ 0.15556188 -0.03812828]
 [-1.2459075   0.39911683]
 [-0.16274927  0.13799017]
 [ 0.01909506  0.88182488]
 [ 1.72211448 -0.03386097]
 [ 0.40982617 -0.84710965]
 [-0.79105788  0.71628668]
 [ 1.5381954  -0.45074461]
 [ 0.4726733   0.38474468]
 [-1.04326392  0.085932  ]
 [ 0.98464975  0.51016342]
 [ 0.39889268  0.16419168]
 [ 0.14816337  0.40449915]
 [ 0.61771757 -0.42707649]
 [ 0.7997286   0.10603527]
 [-0.50655216  0.92249387]
 [ 0.85680532  0.60221822]
 [-0.87798578  0.36555551]
 [ 0.46835829  1.06728208]
 [ 1.72268811 -0.2190667 ]
 [ 1.00366999 -0.61890792]
 [ 0.31296389 -0.33491868]
 [ 0.86425881  0.21883271]
 [ 1.69803483 -0.61829867]
 [ 0.39891155 -0.6373825 ]
 [ 0.25212963  1.36131041]
 [ 1.34444226  0.26332387]
 [ 2.36773328  0.64713103]
 [-1.08448692  0.28779574]
 [ 2.07488989  0.42743852]
 [ 0.18326359  0.2951586 ]
 [ 0.73507422 -0.71472762]
 [-1.04283525  0.86800754]
 [ 1.21750172 -0.98852607]
 [ 1.06902298 -0.57160543]
 [ 1.04646328  0.61281382]
 [-0.06998402  0.78258458]
 [-0.08086902  0.85175124]
 [ 1.40388981 -0.46699326]
 [ 1.67966384 -0.25839347]
 [-0.47913511  0.651811  ]
 [ 1.47807073 -0.1539627 ]
 [ 0.23027938 -0.40275239]
 [-0.52939174  0.27486357]
 [ 0.40559217  1.32852876]
 [-0.1930305   0.75366784]
 [ 2.20572062  0.66824087]
 [-0.80057696 -0.04706375]
 [-1.09311696  0.26617975]
 [ 1.6277697  -0.26441033]
 [ 0.03098708 -0.20439552]
 [ 0.23623578  0.95355011]
 [ 2.04052875 -0.3584586 ]
 [ 1.21893359 -0.64006496]
 [ 0.90674109 -0.84287574]
 [-0.25368264  0.19493461]
 [ 1.15841901  0.36500852]
 [ 2.09823231 -0.09660923]
 [ 0.36903088  0.86391314]
 [-1.04575509 -0.03077496]
 [ 1.74542567 -0.21525153]
 [ 0.07634542  0.72586462]
 [-0.80884507  0.4363772 ]
 [ 1.87556476 -0.19210798]
 [ 0.16552699  1.05225804]
 [-0.05239289  0.03479434]
 [ 1.07631892 -0.91686445]
 [ 1.44852219 -0.17818544]
 [ 0.43622433  0.35545937]
 [ 0.93439135  0.24054707]
 [ 0.29602029 -0.3061206 ]
 [ 0.66620102  0.75766607]
 [-0.02116962  0.67222212]
 [ 0.40107128 -0.32654786]
 [ 0.5201985   0.58288335]
 [ 0.321571    0.7553616 ]
 [ 0.70269413 -0.64887606]
 [ 0.24013589  0.97563174]
 [ 1.66711901 -0.08689438]
 [ 1.34611143 -0.50704218]
 [ 1.04932185  0.19898854]
 [ 1.38487395 -0.68370342]
 [ 0.21435341  1.20625434]
 [ 1.66360451  0.02911141]
 [-0.17869394  0.4594824 ]
 [ 1.33285644 -0.25694533]
 [ 0.02877584  1.27769833]
 [ 0.8291465   0.6433658 ]
 [ 0.81407796 -0.57971209]
 [ 0.26033002 -0.14052111]
 [ 0.61505225 -0.27126396]
 [ 0.48215401  0.09015326]
 [ 0.51754822 -0.62161602]
 [-0.58599887  0.95837982]
 [-0.40201604  0.75177804]
 [ 0.27194304 -0.02174996]
 [-1.1693577   0.5779173 ]
 [ 1.75966429 -0.1820828 ]
 [-0.45625637  0.53661167]
 [-0.03045789  0.21222576]
 [-0.35896051  0.94360278]
 [ 0.76994093  0.80010194]
 [ 0.58895094 -0.43267292]
 [-0.83618992  0.34738997]
 [-0.78211105  0.4228778 ]
 [ 0.20301931 -0.50267876]
 [ 2.1652415   0.41667291]
 [-0.06418028  0.99219856]
 [ 1.94598893  0.21023577]
 [ 1.09719607  1.12553553]
 [ 1.33868766 -0.35791822]
 [ 1.10158294  0.42857219]
 [ 0.99170955  0.87899966]
 [ 1.10466422 -0.58912542]
 [ 0.69213213 -0.39450028]
 [ 0.79233728  0.26496996]
 [ 1.40088212 -0.51555403]
 [-1.05929646  0.87787812]
 [-0.59953273  0.38970077]
 [ 0.9479981   0.26192746]
 [ 0.17815958  0.94499811]
 [ 0.48508242  0.47453532]
 [ 0.22754237  0.30547167]
 [ 2.3237176   0.21141629]
 [ 0.34106426  0.68654372]
 [ 1.22749039 -0.94662031]
 [-0.11553171  1.05367417]
 [ 1.10185945  0.3086604 ]
 [ 0.02560875  1.11069023]
 [-0.79442551  0.79405102]
 [ 0.24138782  0.70733446]
 [ 0.12620033  0.24518252]
 [ 0.34090537 -0.29563224]
 [ 0.9019778  -0.10667354]
 [ 0.5025857  -0.68205835]
 [ 0.87625142  0.23712182]
 [-0.8986202   0.74464757]
 [ 0.59469157 -0.14516009]
 [-0.54354917  1.5042788 ]
 [ 0.28074454  0.53595374]
 [ 0.06920293  1.08910183]
 [ 0.2877105  -0.40606511]
 [ 1.17432656 -0.05747525]
 [-0.85498628  0.53797194]
 [ 0.65349895  0.7053882 ]
 [ 0.10213005  1.0170735 ]
 [ 1.29345845 -0.23643131]
 [ 0.27570935  1.30475666]
 [ 1.93219116  0.60143227]
 [-0.53478698  1.01461768]
 [ 0.1935762  -0.01166283]
 [ 0.48043753  0.79740961]
 [-0.24228317  1.11357089]
 [-1.04055471  0.4395102 ]
 [ 1.38108492 -0.65625705]
 [-0.99425245  0.66737255]
 [ 0.43922004 -0.48052368]
 [ 2.05464032  0.16611863]
 [ 2.20364555  0.4450323 ]
 [ 1.3902949  -0.45220075]
 [-0.7634536   0.95723699]
 [-0.27588687  1.26980872]
 [ 1.34836248 -0.49951621]
 [-0.31970507  0.83825289]
 [ 0.9176124  -0.48344891]
 [ 0.59338326  1.3413555 ]
 [ 0.4486245  -0.24638016]
 [ 1.29545818 -0.67366054]
 [ 0.94728275 -0.56994999]
 [ 0.79513359 -0.54589678]
 [-0.17919275  0.84961417]
 [ 1.72086171 -0.19676634]
 [ 0.88323412 -0.07436418]
 [ 0.0185512   1.085997  ]
 [-0.5774013   0.59720224]
 [ 1.09419026  0.00569921]
 [-0.89701253  0.20304423]
 [ 1.64266064  0.03212535]
 [ 2.03516712  0.8263146 ]
 [-0.18438765  0.85948106]
 [ 0.51626362  0.46675872]
 [ 0.79931904  0.29455998]
 [-0.67495778  0.37408479]
 [ 0.07559428  1.37596545]
 [ 1.92000739  0.27714763]
 [-0.67100637  0.42296602]
 [ 0.82051484 -0.48700152]
 [ 0.35718137 -0.15739412]
 [-0.60136728  0.62230457]
 [-1.08905236  1.02911083]
 [ 0.55593042 -0.37572464]
 [ 0.69827155  0.33825194]]
[0. 0.] 0
logistic train acc: 0.500000, test acc: 0.500000

Binarized MNIST data
[[0. 0. 0. ... 0. 0. 0.]
 [0. 0. 0. ... 0. 0. 0.]
 [0. 0. 0. ... 0. 0. 0.]
 ...
 [0. 0. 0. ... 0. 0. 0.]
 [0. 0. 0. ... 0. 0. 0.]
 [0. 0. 0. ... 0. 0. 0.]]
[0.00000000e+00 0.00000000e+00 0.00000000e+00 0.00000000e+00
 0.00000000e+00 0.00000000e+00 0.00000000e+00 0.00000000e+00
 0.00000000e+00 0.00000000e+00 0.00000000e+00 0.00000000e+00
 0.00000000e+00 0.00000000e+00 0.00000000e+00 0.00000000e+00
 0.00000000e+00 0.00000000e+00 0.00000000e+00 0.00000000e+00
 0.00000000e+00 0.00000000e+00 0.00000000e+00 0.00000000e+00
 0.00000000e+00 0.00000000e+00 0.00000000e+00 0.00000000e+00
 0.00000000e+00 0.00000000e+00 0.00000000e+00 0.00000000e+00
 0.00000000e+00 0.00000000e+00 0.00000000e+00 0.00000000e+00
 1.32812500e-05 9.33593750e-05 1.13671875e-04 2.03125000e-04
 2.65625000e-04 1.78515625e-04 3.75000000e-04 1.37500000e-04
 8.32031250e-05 3.01562500e-04 3.35156250e-04 1.74609375e-04
 7.77343750e-05 0.00000000e+00 0.00000000e+00 0.00000000e+00
 0.00000000e+00 0.00000000e+00 0.00000000e+00 0.00000000e+00
 0.00000000e+00 0.00000000e+00 0.00000000e+00 0.00000000e+00
 0.00000000e+00 0.00000000e+00 3.16406250e-05 1.53906250e-04
 3.30859375e-04 9.12500000e-04 1.51640625e-03 2.37148438e-03
 3.29296875e-03 4.17421875e-03 4.79101563e-03 6.01484375e-03
 6.32460937e-03 6.27617188e-03 5.23359375e-03 3.39960938e-03
 2.51757813e-03 1.21093750e-03 3.99609375e-04 1.36718750e-05
 0.00000000e+00 0.00000000e+00 0.00000000e+00 0.00000000e+00
 0.00000000e+00 0.00000000e+00 0.00000000e+00 0.00000000e+00
 0.00000000e+00 2.22656250e-05 8.16406250e-05 3.78906250e-04
 8.28125000e-04 1.56757813e-03 2.63437500e-03 4.40390625e-03
 6.80937500e-03 9.01718750e-03 1.21839844e-02 1.48281250e-02
 1.58687500e-02 1.56617188e-02 1.29949219e-02 9.40898438e-03
 6.13789063e-03 3.14375000e-03 1.36562500e-03 7.05078125e-04
 3.30859375e-04 0.00000000e+00 0.00000000e+00 0.00000000e+00
 0.00000000e+00 0.00000000e+00 0.00000000e+00 0.00000000e+00
 1.17187500e-06 5.39062500e-05 3.16796875e-04 8.75000000e-04
 1.90703125e-03 3.54765625e-03 6.45117188e-03 1.04925781e-02
 1.55343750e-02 2.08972656e-02 2.65332031e-02 3.08351563e-02
 3.26332031e-02 3.00832031e-02 2.56429688e-02 1.91695312e-02
 1.31992188e-02 8.18867188e-03 4.61132813e-03 3.02851562e-03
 1.47343750e-03 3.09765625e-04 1.00781250e-04 2.46093750e-05
 0.00000000e+00 0.00000000e+00 1.83593750e-05 3.35937500e-05
 3.75000000e-05 2.42968750e-04 9.66015625e-04 2.71718750e-03
 5.54335938e-03 9.66171875e-03 1.60105469e-02 2.62339844e-02
 3.90218750e-02 5.08722656e-02 5.99183594e-02 6.54296875e-02
 6.53480469e-02 5.93714844e-02 4.79886719e-02 3.77324219e-02
 2.76117187e-02 1.97726562e-02 1.23457031e-02 7.44296875e-03
 3.75039063e-03 1.08359375e-03 1.44921875e-04 3.63281250e-05
 0.00000000e+00 0.00000000e+00 8.20312500e-05 1.25390625e-04
 4.64453125e-04 1.56328125e-03 3.31250000e-03 7.08164063e-03
 1.42734375e-02 2.39574219e-02 3.76300781e-02 5.59226563e-02
 7.58902344e-02 9.34523437e-02 1.04657422e-01 1.08985938e-01
 1.03777734e-01 9.22183594e-02 7.64027344e-02 5.85722656e-02
 4.42609375e-02 3.30695312e-02 2.23667969e-02 1.43105469e-02
 7.64648438e-03 2.86406250e-03 6.26562500e-04 1.48437500e-04
 0.00000000e+00 2.57812500e-05 1.88281250e-04 5.66796875e-04
 2.12070313e-03 4.15273438e-03 8.55195313e-03 1.77460938e-02
 3.03902344e-02 4.84988281e-02 7.14390625e-02 9.78167969e-02
 1.17610938e-01 1.32649219e-01 1.39228906e-01 1.37323047e-01
 1.27549609e-01 1.16322656e-01 1.00737891e-01 8.09019531e-02
 6.24042969e-02 4.62289063e-02 3.15843750e-02 2.07671875e-02
 1.23480469e-02 4.99218750e-03 8.44531250e-04 3.75000000e-05
 0.00000000e+00 1.75781250e-04 7.71484375e-04 2.26640625e-03
 4.69140625e-03 8.16679688e-03 1.54132813e-02 3.02378906e-02
 4.89597656e-02 7.50285156e-02 1.04130859e-01 1.28849609e-01
 1.43906250e-01 1.47312109e-01 1.39962500e-01 1.28003125e-01
 1.19940625e-01 1.16284375e-01 1.09742969e-01 9.53882812e-02
 7.44078125e-02 5.37609375e-02 3.52980469e-02 2.11902344e-02
 1.28519531e-02 4.85976562e-03 8.92187500e-04 6.83593750e-05
 0.00000000e+00 1.32812500e-04 1.27851563e-03 3.13281250e-03
 5.85273437e-03 1.11476563e-02 2.13832031e-02 4.01324219e-02
 6.50328125e-02 9.44132813e-02 1.23167969e-01 1.41344141e-01
 1.41878516e-01 1.28389453e-01 1.11439453e-01 9.72097656e-02
 9.65207031e-02 1.04964844e-01 1.06169141e-01 9.54613281e-02
 7.38078125e-02 5.13718750e-02 3.24003906e-02 1.86289063e-02
 1.01695313e-02 4.06562500e-03 6.34375000e-04 9.29687500e-05
 0.00000000e+00 6.99218750e-05 7.61328125e-04 2.60742187e-03
 5.67187500e-03 1.24871094e-02 2.46152344e-02 4.43828125e-02
 7.26828125e-02 1.01655469e-01 1.28078906e-01 1.35383594e-01
 1.18735547e-01 9.79753906e-02 7.68949219e-02 6.96593750e-02
 8.14480469e-02 1.00072656e-01 1.04823047e-01 9.36660156e-02
 6.93058594e-02 4.47941406e-02 2.58605469e-02 1.41738281e-02
 7.52773438e-03 3.35078125e-03 5.82031250e-04 5.74218750e-05
 0.00000000e+00 1.38671875e-04 5.25000000e-04 1.58242188e-03
 4.50351563e-03 1.15300781e-02 2.35855469e-02 4.52175781e-02
 7.47898438e-02 1.05350391e-01 1.25951563e-01 1.22325000e-01
 1.01688672e-01 7.81152344e-02 6.00621094e-02 6.41917969e-02
 8.60890625e-02 1.06775781e-01 1.10590625e-01 9.21769531e-02
 6.37964844e-02 3.63062500e-02 1.86781250e-02 9.27734375e-03
 4.29921875e-03 1.37734375e-03 3.01953125e-04 0.00000000e+00
 0.00000000e+00 1.60546875e-04 3.11718750e-04 1.18632813e-03
 3.47851563e-03 1.00167969e-02 2.34355469e-02 4.63500000e-02
 7.60554688e-02 1.04159375e-01 1.18943750e-01 1.13303906e-01
 9.68550781e-02 7.83968750e-02 7.19167969e-02 8.64542969e-02
 1.11175781e-01 1.29971094e-01 1.20117188e-01 9.18691406e-02
 5.93828125e-02 3.13488281e-02 1.60214844e-02 7.70351563e-03
 3.25937500e-03 8.72656250e-04 2.42187500e-04 0.00000000e+00
 0.00000000e+00 2.96875000e-05 1.10546875e-04 1.28203125e-03
 3.45195313e-03 9.01210938e-03 2.23617188e-02 4.43910156e-02
 7.36441406e-02 1.00682422e-01 1.14055078e-01 1.10588672e-01
 1.00512500e-01 9.45527344e-02 1.01318359e-01 1.20922266e-01
 1.43224219e-01 1.48121094e-01 1.24831250e-01 8.92250000e-02
 5.41394531e-02 2.92835937e-02 1.49179688e-02 7.73867188e-03
 3.62578125e-03 9.67968750e-04 6.52343750e-05 0.00000000e+00
 0.00000000e+00 0.00000000e+00 2.34375000e-05 6.78125000e-04
 2.80898438e-03 8.16210938e-03 1.97531250e-02 4.02433594e-02
 6.89171875e-02 9.57910156e-02 1.09319531e-01 1.10468750e-01
 1.09542187e-01 1.12980859e-01 1.24811719e-01 1.44102734e-01
 1.59467578e-01 1.52068359e-01 1.19992187e-01 8.18082031e-02
 5.11144531e-02 2.92765625e-02 1.57125000e-02 8.34960938e-03
 3.65390625e-03 8.85937500e-04 1.05468750e-05 0.00000000e+00
 0.00000000e+00 0.00000000e+00 0.00000000e+00 3.89062500e-04
 1.69375000e-03 7.50273438e-03 1.67824219e-02 3.41160156e-02
 6.20433594e-02 8.73082031e-02 1.03032031e-01 1.06936328e-01
 1.12962891e-01 1.19824609e-01 1.30147656e-01 1.47326563e-01
 1.54225781e-01 1.41912500e-01 1.07980859e-01 7.27089844e-02
 4.86546875e-02 3.10871094e-02 1.76167969e-02 8.84726562e-03
 3.71835938e-03 8.39843750e-04 1.56250000e-05 0.00000000e+00
 0.00000000e+00 0.00000000e+00 0.00000000e+00 2.06640625e-04
 1.35390625e-03 6.29726563e-03 1.47578125e-02 2.92738281e-02
 5.34410156e-02 7.73558594e-02 9.19410156e-02 9.81816406e-02
 1.03103906e-01 1.08822656e-01 1.21234375e-01 1.35423437e-01
 1.40347656e-01 1.25319922e-01 9.62664063e-02 6.82511719e-02
 4.74812500e-02 3.07617188e-02 1.85281250e-02 8.90195313e-03
 3.39023438e-03 7.82421875e-04 1.40625000e-05 0.00000000e+00
 0.00000000e+00 0.00000000e+00 3.20312500e-05 1.33984375e-04
 1.42226563e-03 6.19960938e-03 1.48410156e-02 2.69125000e-02
 4.81773438e-02 6.90332031e-02 8.24882813e-02 8.69714844e-02
 8.61410156e-02 9.22128906e-02 1.08695703e-01 1.24164453e-01
 1.27030859e-01 1.13266016e-01 9.01144531e-02 6.79421875e-02
 4.56558594e-02 2.88199219e-02 1.65359375e-02 7.62031250e-03
 2.42148438e-03 4.91406250e-04 1.56250000e-05 0.00000000e+00
 0.00000000e+00 0.00000000e+00 8.51562500e-05 2.35937500e-04
 1.79023438e-03 7.16484375e-03 1.70960937e-02 2.90593750e-02
 4.71484375e-02 6.65343750e-02 7.78011719e-02 7.96726563e-02
 7.75847656e-02 8.70894531e-02 1.07532813e-01 1.20535938e-01
 1.21876563e-01 1.10392188e-01 9.04062500e-02 6.53308594e-02
 4.26410156e-02 2.56855469e-02 1.40628906e-02 5.55664063e-03
 1.51796875e-03 3.47656250e-04 3.39843750e-05 0.00000000e+00
 0.00000000e+00 0.00000000e+00 0.00000000e+00 7.14843750e-05
 1.87226563e-03 8.46679687e-03 1.98800781e-02 3.35503906e-02
 5.03664063e-02 6.69062500e-02 7.73972656e-02 8.28542969e-02
 8.71105469e-02 9.89226563e-02 1.15830469e-01 1.25756641e-01
 1.23096094e-01 1.09634766e-01 8.62117187e-02 5.98042969e-02
 3.69535156e-02 2.08113281e-02 9.78515625e-03 3.51718750e-03
 7.16796875e-04 1.41406250e-04 0.00000000e+00 0.00000000e+00
 0.00000000e+00 0.00000000e+00 0.00000000e+00 2.75781250e-04
 1.62148438e-03 8.10273438e-03 2.01464844e-02 3.55886719e-02
 5.13855469e-02 6.76875000e-02 8.11238281e-02 9.23347656e-02
 1.04763672e-01 1.20512109e-01 1.30052344e-01 1.31976563e-01
 1.21755078e-01 1.02850391e-01 7.64570313e-02 4.85000000e-02
 2.84773438e-02 1.42425781e-02 6.04414063e-03 2.06054688e-03
 4.14453125e-04 7.53906250e-05 0.00000000e+00 0.00000000e+00
 0.00000000e+00 0.00000000e+00 0.00000000e+00 3.17187500e-04
 1.42031250e-03 7.61171875e-03 1.77609375e-02 3.29570313e-02
 4.95703125e-02 6.63781250e-02 8.43968750e-02 1.01871484e-01
 1.20552734e-01 1.32919531e-01 1.34382813e-01 1.25890625e-01
 1.08945703e-01 8.48335938e-02 5.74351563e-02 3.51101563e-02
 1.99250000e-02 8.79804687e-03 3.77656250e-03 1.12929688e-03
 3.84765625e-04 1.01562500e-04 0.00000000e+00 0.00000000e+00
 0.00000000e+00 0.00000000e+00 0.00000000e+00 1.22265625e-04
 1.11132813e-03 5.61484375e-03 1.30925781e-02 2.57304688e-02
 4.29242187e-02 6.04644531e-02 8.07082031e-02 1.00008984e-01
 1.16596875e-01 1.21746875e-01 1.16693750e-01 1.03582813e-01
 8.41246094e-02 6.14253906e-02 4.04808594e-02 2.40847656e-02
 1.32113281e-02 5.84062500e-03 2.23515625e-03 7.05078125e-04
 3.39453125e-04 9.92187500e-05 0.00000000e+00 0.00000000e+00
 0.00000000e+00 0.00000000e+00 0.00000000e+00 1.83203125e-04
 7.90234375e-04 3.54882813e-03 8.84609375e-03 1.80457031e-02
 3.27480469e-02 5.06453125e-02 7.09339844e-02 8.91636719e-02
 1.00177344e-01 1.00651953e-01 9.03593750e-02 7.59015625e-02
 5.87417969e-02 4.10164063e-02 2.55230469e-02 1.54753906e-02
 8.80507813e-03 4.02539062e-03 1.54531250e-03 4.79296875e-04
 2.33984375e-04 6.64062500e-05 0.00000000e+00 0.00000000e+00
 0.00000000e+00 0.00000000e+00 0.00000000e+00 9.29687500e-05
 3.89843750e-04 1.43867188e-03 4.90625000e-03 1.13644531e-02
 2.00687500e-02 3.38000000e-02 4.91273438e-02 5.94035156e-02
 6.55968750e-02 6.16945313e-02 5.48863281e-02 4.50910156e-02
 3.39140625e-02 2.32339844e-02 1.49417969e-02 1.02132813e-02
 6.26679688e-03 2.79960938e-03 9.36328125e-04 4.47265625e-04
 1.99609375e-04 0.00000000e+00 0.00000000e+00 0.00000000e+00
 0.00000000e+00 0.00000000e+00 0.00000000e+00 2.10937500e-05
 1.69921875e-04 6.90234375e-04 2.43867188e-03 5.95234375e-03
 1.13210938e-02 1.82750000e-02 2.52359375e-02 3.01460938e-02
 3.14480469e-02 2.84605469e-02 2.43832031e-02 2.12929688e-02
 1.63363281e-02 1.20828125e-02 8.96718750e-03 6.32304688e-03
 3.93632813e-03 1.63867188e-03 5.81640625e-04 2.63281250e-04
 1.14843750e-04 0.00000000e+00 0.00000000e+00 0.00000000e+00
 0.00000000e+00 0.00000000e+00 0.00000000e+00 0.00000000e+00
 5.07812500e-06 2.14062500e-04 6.89062500e-04 1.93046875e-03
 4.01054687e-03 7.03007813e-03 9.68164062e-03 1.20175781e-02
 1.17828125e-02 1.05750000e-02 9.34648438e-03 7.81562500e-03
 6.30585938e-03 4.48554688e-03 2.90625000e-03 1.81679688e-03
 1.59609375e-03 5.83203125e-04 8.47656250e-05 0.00000000e+00
 0.00000000e+00 0.00000000e+00 0.00000000e+00 0.00000000e+00
 0.00000000e+00 0.00000000e+00 0.00000000e+00 0.00000000e+00
 0.00000000e+00 0.00000000e+00 6.17187500e-05 1.84765625e-04
 1.71093750e-04 5.48828125e-04 9.32031250e-04 1.13203125e-03
 1.36835938e-03 1.03984375e-03 1.26015625e-03 1.24804688e-03
 6.55859375e-04 1.70312500e-04 1.39843750e-04 3.39843750e-05
 1.74218750e-04 3.59375000e-05 0.00000000e+00 0.00000000e+00
 0.00000000e+00 0.00000000e+00 0.00000000e+00 0.00000000e+00] 0.25
perceptron train acc: 0.500000, test acc: 0.500000
[[0. 0. 0. ... 0. 0. 0.]
 [0. 0. 0. ... 0. 0. 0.]
 [0. 0. 0. ... 0. 0. 0.]
 ...
 [0. 0. 0. ... 0. 0. 0.]
 [0. 0. 0. ... 0. 0. 0.]
 [0. 0. 0. ... 0. 0. 0.]]
[0. 0. 0. 0. 0. 0. 0. 0. 0. 0. 0. 0. 0. 0. 0. 0. 0. 0. 0. 0. 0. 0. 0. 0.
 0. 0. 0. 0. 0. 0. 0. 0. 0. 0. 0. 0. 0. 0. 0. 0. 0. 0. 0. 0. 0. 0. 0. 0.
 0. 0. 0. 0. 0. 0. 0. 0. 0. 0. 0. 0. 0. 0. 0. 0. 0. 0. 0. 0. 0. 0. 0. 0.
 0. 0. 0. 0. 0. 0. 0. 0. 0. 0. 0. 0. 0. 0. 0. 0. 0. 0. 0. 0. 0. 0. 0. 0.
 0. 0. 0. 0. 0. 0. 0. 0. 0. 0. 0. 0. 0. 0. 0. 0. 0. 0. 0. 0. 0. 0. 0. 0.
 0. 0. 0. 0. 0. 0. 0. 0. 0. 0. 0. 0. 0. 0. 0. 0. 0. 0. 0. 0. 0. 0. 0. 0.
 0. 0. 0. 0. 0. 0. 0. 0. 0. 0. 0. 0. 0. 0. 0. 0. 0. 0. 0. 0. 0. 0. 0. 0.
 0. 0. 0. 0. 0. 0. 0. 0. 0. 0. 0. 0. 0. 0. 0. 0. 0. 0. 0. 0. 0. 0. 0. 0.
 0. 0. 0. 0. 0. 0. 0. 0. 0. 0. 0. 0. 0. 0. 0. 0. 0. 0. 0. 0. 0. 0. 0. 0.
 0. 0. 0. 0. 0. 0. 0. 0. 0. 0. 0. 0. 0. 0. 0. 0. 0. 0. 0. 0. 0. 0. 0. 0.
 0. 0. 0. 0. 0. 0. 0. 0. 0. 0. 0. 0. 0. 0. 0. 0. 0. 0. 0. 0. 0. 0. 0. 0.
 0. 0. 0. 0. 0. 0. 0. 0. 0. 0. 0. 0. 0. 0. 0. 0. 0. 0. 0. 0. 0. 0. 0. 0.
 0. 0. 0. 0. 0. 0. 0. 0. 0. 0. 0. 0. 0. 0. 0. 0. 0. 0. 0. 0. 0. 0. 0. 0.
 0. 0. 0. 0. 0. 0. 0. 0. 0. 0. 0. 0. 0. 0. 0. 0. 0. 0. 0. 0. 0. 0. 0. 0.
 0. 0. 0. 0. 0. 0. 0. 0. 0. 0. 0. 0. 0. 0. 0. 0. 0. 0. 0. 0. 0. 0. 0. 0.
 0. 0. 0. 0. 0. 0. 0. 0. 0. 0. 0. 0. 0. 0. 0. 0. 0. 0. 0. 0. 0. 0. 0. 0.
 0. 0. 0. 0. 0. 0. 0. 0. 0. 0. 0. 0. 0. 0. 0. 0. 0. 0. 0. 0. 0. 0. 0. 0.
 0. 0. 0. 0. 0. 0. 0. 0. 0. 0. 0. 0. 0. 0. 0. 0. 0. 0. 0. 0. 0. 0. 0. 0.
 0. 0. 0. 0. 0. 0. 0. 0. 0. 0. 0. 0. 0. 0. 0. 0. 0. 0. 0. 0. 0. 0. 0. 0.
 0. 0. 0. 0. 0. 0. 0. 0. 0. 0. 0. 0. 0. 0. 0. 0. 0. 0. 0. 0. 0. 0. 0. 0.
 0. 0. 0. 0. 0. 0. 0. 0. 0. 0. 0. 0. 0. 0. 0. 0. 0. 0. 0. 0. 0. 0. 0. 0.
 0. 0. 0. 0. 0. 0. 0. 0. 0. 0. 0. 0. 0. 0. 0. 0. 0. 0. 0. 0. 0. 0. 0. 0.
 0. 0. 0. 0. 0. 0. 0. 0. 0. 0. 0. 0. 0. 0. 0. 0. 0. 0. 0. 0. 0. 0. 0. 0.
 0. 0. 0. 0. 0. 0. 0. 0. 0. 0. 0. 0. 0. 0. 0. 0. 0. 0. 0. 0. 0. 0. 0. 0.
 0. 0. 0. 0. 0. 0. 0. 0. 0. 0. 0. 0. 0. 0. 0. 0. 0. 0. 0. 0. 0. 0. 0. 0.
 0. 0. 0. 0. 0. 0. 0. 0. 0. 0. 0. 0. 0. 0. 0. 0. 0. 0. 0. 0. 0. 0. 0. 0.
 0. 0. 0. 0. 0. 0. 0. 0. 0. 0. 0. 0. 0. 0. 0. 0. 0. 0. 0. 0. 0. 0. 0. 0.
 0. 0. 0. 0. 0. 0. 0. 0. 0. 0. 0. 0. 0. 0. 0. 0. 0. 0. 0. 0. 0. 0. 0. 0.
 0. 0. 0. 0. 0. 0. 0. 0. 0. 0. 0. 0. 0. 0. 0. 0. 0. 0. 0. 0. 0. 0. 0. 0.
 0. 0. 0. 0. 0. 0. 0. 0. 0. 0. 0. 0. 0. 0. 0. 0. 0. 0. 0. 0. 0. 0. 0. 0.
 0. 0. 0. 0. 0. 0. 0. 0. 0. 0. 0. 0. 0. 0. 0. 0. 0. 0. 0. 0. 0. 0. 0. 0.
 0. 0. 0. 0. 0. 0. 0. 0. 0. 0. 0. 0. 0. 0. 0. 0. 0. 0. 0. 0. 0. 0. 0. 0.
 0. 0. 0. 0. 0. 0. 0. 0. 0. 0. 0. 0. 0. 0. 0. 0.] 0
logistic train acc: 0.500000, test acc: 0.500000

